2024-12-28T12:10:11.719+01:00  INFO 18168 --- [onlybuns] [main] c.project.onlybuns.OnlybunsApplication   : Starting OnlybunsApplication using Java 17.0.12 with PID 18168 (C:\Users\tijanicica\Desktop\isa-project\onlybuns\target\classes started by tijanicica in C:\Users\tijanicica\Desktop\isa-project\onlybuns)
2024-12-28T12:10:11.727+01:00  INFO 18168 --- [onlybuns] [main] c.project.onlybuns.OnlybunsApplication   : No active profile set, falling back to 1 default profile: "default"
2024-12-28T12:10:12.348+01:00  INFO 18168 --- [onlybuns] [main] .s.d.r.c.RepositoryConfigurationDelegate : Bootstrapping Spring Data JPA repositories in DEFAULT mode.
2024-12-28T12:10:12.411+01:00  INFO 18168 --- [onlybuns] [main] .s.d.r.c.RepositoryConfigurationDelegate : Finished Spring Data repository scanning in 55 ms. Found 6 JPA repository interfaces.
2024-12-28T12:10:12.815+01:00  INFO 18168 --- [onlybuns] [main] o.s.b.w.embedded.tomcat.TomcatWebServer  : Tomcat initialized with port 8080 (http)
2024-12-28T12:10:12.825+01:00  INFO 18168 --- [onlybuns] [main] o.apache.catalina.core.StandardService   : Starting service [Tomcat]
2024-12-28T12:10:12.825+01:00  INFO 18168 --- [onlybuns] [main] o.apache.catalina.core.StandardEngine    : Starting Servlet engine: [Apache Tomcat/10.1.30]
2024-12-28T12:10:12.879+01:00  INFO 18168 --- [onlybuns] [main] o.a.c.c.C.[Tomcat].[localhost].[/]       : Initializing Spring embedded WebApplicationContext
2024-12-28T12:10:12.880+01:00  INFO 18168 --- [onlybuns] [main] w.s.c.ServletWebServerApplicationContext : Root WebApplicationContext: initialization completed in 1105 ms
2024-12-28T12:10:12.935+01:00  INFO 18168 --- [onlybuns] [main] com.zaxxer.hikari.HikariDataSource       : HikariPool-1 - Starting...
2024-12-28T12:10:13.050+01:00  INFO 18168 --- [onlybuns] [main] com.zaxxer.hikari.pool.HikariPool        : HikariPool-1 - Added connection org.postgresql.jdbc.PgConnection@65c17e38
2024-12-28T12:10:13.052+01:00  INFO 18168 --- [onlybuns] [main] com.zaxxer.hikari.HikariDataSource       : HikariPool-1 - Start completed.
2024-12-28T12:10:13.116+01:00  INFO 18168 --- [onlybuns] [main] o.hibernate.jpa.internal.util.LogHelper  : HHH000204: Processing PersistenceUnitInfo [name: default]
2024-12-28T12:10:13.165+01:00  INFO 18168 --- [onlybuns] [main] org.hibernate.Version                    : HHH000412: Hibernate ORM core version 6.5.3.Final
2024-12-28T12:10:13.212+01:00  INFO 18168 --- [onlybuns] [main] o.h.c.internal.RegionFactoryInitiator    : HHH000026: Second-level cache disabled
2024-12-28T12:10:13.490+01:00  INFO 18168 --- [onlybuns] [main] o.s.o.j.p.SpringPersistenceUnitInfo      : No LoadTimeWeaver setup: ignoring JPA class transformer
2024-12-28T12:10:13.561+01:00  WARN 18168 --- [onlybuns] [main] org.hibernate.dialect.Dialect            : HHH000511: The 10.23.0 version for [org.hibernate.dialect.PostgreSQLDialect] is no longer supported, hence certain features may not work properly. The minimum supported version is 12.0.0. Check the community dialects project for available legacy versions.
2024-12-28T12:10:14.348+01:00  INFO 18168 --- [onlybuns] [main] o.h.e.t.j.p.i.JtaPlatformInitiator       : HHH000489: No JTA platform available (set 'hibernate.transaction.jta.platform' to enable JTA platform integration)
2024-12-28T12:10:14.486+01:00  INFO 18168 --- [onlybuns] [main] j.LocalContainerEntityManagerFactoryBean : Initialized JPA EntityManagerFactory for persistence unit 'default'
2024-12-28T12:10:14.673+01:00  INFO 18168 --- [onlybuns] [main] o.s.d.j.r.query.QueryEnhancerFactory     : Hibernate is in classpath; If applicable, HQL parser will be used.
2024-12-28T12:10:15.297+01:00  INFO 18168 --- [onlybuns] [main] eAuthenticationProviderManagerConfigurer : Global AuthenticationManager configured with AuthenticationProvider bean with name authenticationProvider
2024-12-28T12:10:15.298+01:00  WARN 18168 --- [onlybuns] [main] r$InitializeUserDetailsManagerConfigurer : Global AuthenticationManager configured with an AuthenticationProvider bean. UserDetailsService beans will not be used for username/password login. Consider removing the AuthenticationProvider bean. Alternatively, consider using the UserDetailsService in a manually instantiated DaoAuthenticationProvider.
2024-12-28T12:10:15.502+01:00  WARN 18168 --- [onlybuns] [main] JpaBaseConfiguration$JpaWebConfiguration : spring.jpa.open-in-view is enabled by default. Therefore, database queries may be performed during view rendering. Explicitly configure spring.jpa.open-in-view to disable this warning
2024-12-28T12:10:15.920+01:00  INFO 18168 --- [onlybuns] [main] o.s.b.w.embedded.tomcat.TomcatWebServer  : Tomcat started on port 8080 (http) with context path '/'
2024-12-28T12:10:15.927+01:00  INFO 18168 --- [onlybuns] [main] c.project.onlybuns.OnlybunsApplication   : Started OnlybunsApplication in 4.609 seconds (process running for 5.275)
2024-12-28T12:11:49.639+01:00  INFO 18168 --- [onlybuns] [http-nio-8080-exec-1] o.a.c.c.C.[Tomcat].[localhost].[/]       : Initializing Spring DispatcherServlet 'dispatcherServlet'
2024-12-28T12:11:49.639+01:00  INFO 18168 --- [onlybuns] [http-nio-8080-exec-1] o.s.web.servlet.DispatcherServlet        : Initializing Servlet 'dispatcherServlet'
2024-12-28T12:11:49.641+01:00  INFO 18168 --- [onlybuns] [http-nio-8080-exec-1] o.s.web.servlet.DispatcherServlet        : Completed initialization in 2 ms
2024-12-28T12:26:21.464+01:00  INFO 18168 --- [onlybuns] [SpringApplicationShutdownHook] j.LocalContainerEntityManagerFactoryBean : Closing JPA EntityManagerFactory for persistence unit 'default'
2024-12-28T12:26:21.466+01:00  INFO 18168 --- [onlybuns] [SpringApplicationShutdownHook] com.zaxxer.hikari.HikariDataSource       : HikariPool-1 - Shutdown initiated...
2024-12-28T12:26:21.468+01:00  INFO 18168 --- [onlybuns] [SpringApplicationShutdownHook] com.zaxxer.hikari.HikariDataSource       : HikariPool-1 - Shutdown completed.
2024-12-28T15:07:31.909+01:00  INFO 8164 --- [onlybuns] [main] c.project.onlybuns.OnlybunsApplication   : Starting OnlybunsApplication using Java 17.0.12 with PID 8164 (C:\Users\tijanicica\Desktop\isa-project\onlybuns\target\classes started by tijanicica in C:\Users\tijanicica\Desktop\isa-project\onlybuns)
2024-12-28T15:07:31.911+01:00  INFO 8164 --- [onlybuns] [main] c.project.onlybuns.OnlybunsApplication   : No active profile set, falling back to 1 default profile: "default"
2024-12-28T15:07:32.521+01:00  INFO 8164 --- [onlybuns] [main] .s.d.r.c.RepositoryConfigurationDelegate : Bootstrapping Spring Data JPA repositories in DEFAULT mode.
2024-12-28T15:07:32.626+01:00  INFO 8164 --- [onlybuns] [main] .s.d.r.c.RepositoryConfigurationDelegate : Finished Spring Data repository scanning in 95 ms. Found 6 JPA repository interfaces.
2024-12-28T15:07:33.113+01:00  INFO 8164 --- [onlybuns] [main] o.s.b.w.embedded.tomcat.TomcatWebServer  : Tomcat initialized with port 8080 (http)
2024-12-28T15:07:33.125+01:00  INFO 8164 --- [onlybuns] [main] o.apache.catalina.core.StandardService   : Starting service [Tomcat]
2024-12-28T15:07:33.125+01:00  INFO 8164 --- [onlybuns] [main] o.apache.catalina.core.StandardEngine    : Starting Servlet engine: [Apache Tomcat/10.1.30]
2024-12-28T15:07:33.181+01:00  INFO 8164 --- [onlybuns] [main] o.a.c.c.C.[Tomcat].[localhost].[/]       : Initializing Spring embedded WebApplicationContext
2024-12-28T15:07:33.182+01:00  INFO 8164 --- [onlybuns] [main] w.s.c.ServletWebServerApplicationContext : Root WebApplicationContext: initialization completed in 1231 ms
2024-12-28T15:07:33.245+01:00  INFO 8164 --- [onlybuns] [main] com.zaxxer.hikari.HikariDataSource       : HikariPool-1 - Starting...
2024-12-28T15:07:33.371+01:00  INFO 8164 --- [onlybuns] [main] com.zaxxer.hikari.pool.HikariPool        : HikariPool-1 - Added connection org.postgresql.jdbc.PgConnection@59d0cdb6
2024-12-28T15:07:33.373+01:00  INFO 8164 --- [onlybuns] [main] com.zaxxer.hikari.HikariDataSource       : HikariPool-1 - Start completed.
2024-12-28T15:07:33.443+01:00  INFO 8164 --- [onlybuns] [main] o.hibernate.jpa.internal.util.LogHelper  : HHH000204: Processing PersistenceUnitInfo [name: default]
2024-12-28T15:07:33.472+01:00  INFO 8164 --- [onlybuns] [main] org.hibernate.Version                    : HHH000412: Hibernate ORM core version 6.5.3.Final
2024-12-28T15:07:33.506+01:00  INFO 8164 --- [onlybuns] [main] o.h.c.internal.RegionFactoryInitiator    : HHH000026: Second-level cache disabled
2024-12-28T15:07:33.731+01:00  INFO 8164 --- [onlybuns] [main] o.s.o.j.p.SpringPersistenceUnitInfo      : No LoadTimeWeaver setup: ignoring JPA class transformer
2024-12-28T15:07:33.791+01:00  WARN 8164 --- [onlybuns] [main] org.hibernate.dialect.Dialect            : HHH000511: The 10.23.0 version for [org.hibernate.dialect.PostgreSQLDialect] is no longer supported, hence certain features may not work properly. The minimum supported version is 12.0.0. Check the community dialects project for available legacy versions.
2024-12-28T15:07:34.617+01:00  INFO 8164 --- [onlybuns] [main] o.h.e.t.j.p.i.JtaPlatformInitiator       : HHH000489: No JTA platform available (set 'hibernate.transaction.jta.platform' to enable JTA platform integration)
2024-12-28T15:07:34.825+01:00  INFO 8164 --- [onlybuns] [main] j.LocalContainerEntityManagerFactoryBean : Initialized JPA EntityManagerFactory for persistence unit 'default'
2024-12-28T15:07:35.135+01:00  INFO 8164 --- [onlybuns] [main] o.s.d.j.r.query.QueryEnhancerFactory     : Hibernate is in classpath; If applicable, HQL parser will be used.
2024-12-28T15:07:36.079+01:00  INFO 8164 --- [onlybuns] [main] eAuthenticationProviderManagerConfigurer : Global AuthenticationManager configured with AuthenticationProvider bean with name authenticationProvider
2024-12-28T15:07:36.082+01:00  WARN 8164 --- [onlybuns] [main] r$InitializeUserDetailsManagerConfigurer : Global AuthenticationManager configured with an AuthenticationProvider bean. UserDetailsService beans will not be used for username/password login. Consider removing the AuthenticationProvider bean. Alternatively, consider using the UserDetailsService in a manually instantiated DaoAuthenticationProvider.
2024-12-28T15:07:36.442+01:00  WARN 8164 --- [onlybuns] [main] JpaBaseConfiguration$JpaWebConfiguration : spring.jpa.open-in-view is enabled by default. Therefore, database queries may be performed during view rendering. Explicitly configure spring.jpa.open-in-view to disable this warning
2024-12-28T15:07:37.049+01:00  INFO 8164 --- [onlybuns] [main] o.s.b.w.embedded.tomcat.TomcatWebServer  : Tomcat started on port 8080 (http) with context path '/'
2024-12-28T15:07:37.063+01:00  INFO 8164 --- [onlybuns] [main] c.project.onlybuns.OnlybunsApplication   : Started OnlybunsApplication in 5.453 seconds (process running for 5.906)
2024-12-28T15:07:42.489+01:00  INFO 8164 --- [onlybuns] [http-nio-8080-exec-1] o.a.c.c.C.[Tomcat].[localhost].[/]       : Initializing Spring DispatcherServlet 'dispatcherServlet'
2024-12-28T15:07:42.490+01:00  INFO 8164 --- [onlybuns] [http-nio-8080-exec-1] o.s.web.servlet.DispatcherServlet        : Initializing Servlet 'dispatcherServlet'
2024-12-28T15:07:42.491+01:00  INFO 8164 --- [onlybuns] [http-nio-8080-exec-1] o.s.web.servlet.DispatcherServlet        : Completed initialization in 1 ms
2024-12-28T15:09:27.446+01:00  INFO 8164 --- [onlybuns] [SpringApplicationShutdownHook] j.LocalContainerEntityManagerFactoryBean : Closing JPA EntityManagerFactory for persistence unit 'default'
2024-12-28T15:09:27.449+01:00  INFO 8164 --- [onlybuns] [SpringApplicationShutdownHook] com.zaxxer.hikari.HikariDataSource       : HikariPool-1 - Shutdown initiated...
2024-12-28T15:09:27.451+01:00  INFO 8164 --- [onlybuns] [SpringApplicationShutdownHook] com.zaxxer.hikari.HikariDataSource       : HikariPool-1 - Shutdown completed.
2024-12-28T15:20:18.198+01:00  INFO 12808 --- [onlybuns] [main] c.project.onlybuns.OnlybunsApplication   : Starting OnlybunsApplication using Java 17.0.12 with PID 12808 (C:\Users\tijanicica\Desktop\isa-project\onlybuns\target\classes started by tijanicica in C:\Users\tijanicica\Desktop\isa-project\onlybuns)
2024-12-28T15:20:18.200+01:00  INFO 12808 --- [onlybuns] [main] c.project.onlybuns.OnlybunsApplication   : No active profile set, falling back to 1 default profile: "default"
2024-12-28T15:20:18.784+01:00  INFO 12808 --- [onlybuns] [main] .s.d.r.c.RepositoryConfigurationDelegate : Bootstrapping Spring Data JPA repositories in DEFAULT mode.
2024-12-28T15:20:18.881+01:00  INFO 12808 --- [onlybuns] [main] .s.d.r.c.RepositoryConfigurationDelegate : Finished Spring Data repository scanning in 90 ms. Found 6 JPA repository interfaces.
2024-12-28T15:20:19.393+01:00  INFO 12808 --- [onlybuns] [main] o.s.b.w.embedded.tomcat.TomcatWebServer  : Tomcat initialized with port 8080 (http)
2024-12-28T15:20:19.407+01:00  INFO 12808 --- [onlybuns] [main] o.apache.catalina.core.StandardService   : Starting service [Tomcat]
2024-12-28T15:20:19.408+01:00  INFO 12808 --- [onlybuns] [main] o.apache.catalina.core.StandardEngine    : Starting Servlet engine: [Apache Tomcat/10.1.30]
2024-12-28T15:20:19.468+01:00  INFO 12808 --- [onlybuns] [main] o.a.c.c.C.[Tomcat].[localhost].[/]       : Initializing Spring embedded WebApplicationContext
2024-12-28T15:20:19.468+01:00  INFO 12808 --- [onlybuns] [main] w.s.c.ServletWebServerApplicationContext : Root WebApplicationContext: initialization completed in 1236 ms
2024-12-28T15:20:19.544+01:00  INFO 12808 --- [onlybuns] [main] com.zaxxer.hikari.HikariDataSource       : HikariPool-1 - Starting...
2024-12-28T15:20:19.647+01:00  INFO 12808 --- [onlybuns] [main] com.zaxxer.hikari.pool.HikariPool        : HikariPool-1 - Added connection org.postgresql.jdbc.PgConnection@7a1a3468
2024-12-28T15:20:19.649+01:00  INFO 12808 --- [onlybuns] [main] com.zaxxer.hikari.HikariDataSource       : HikariPool-1 - Start completed.
2024-12-28T15:20:19.704+01:00  INFO 12808 --- [onlybuns] [main] o.hibernate.jpa.internal.util.LogHelper  : HHH000204: Processing PersistenceUnitInfo [name: default]
2024-12-28T15:20:19.740+01:00  INFO 12808 --- [onlybuns] [main] org.hibernate.Version                    : HHH000412: Hibernate ORM core version 6.5.3.Final
2024-12-28T15:20:19.764+01:00  INFO 12808 --- [onlybuns] [main] o.h.c.internal.RegionFactoryInitiator    : HHH000026: Second-level cache disabled
2024-12-28T15:20:20.025+01:00  INFO 12808 --- [onlybuns] [main] o.s.o.j.p.SpringPersistenceUnitInfo      : No LoadTimeWeaver setup: ignoring JPA class transformer
2024-12-28T15:20:20.093+01:00  WARN 12808 --- [onlybuns] [main] org.hibernate.dialect.Dialect            : HHH000511: The 10.23.0 version for [org.hibernate.dialect.PostgreSQLDialect] is no longer supported, hence certain features may not work properly. The minimum supported version is 12.0.0. Check the community dialects project for available legacy versions.
2024-12-28T15:20:21.219+01:00  INFO 12808 --- [onlybuns] [main] o.h.e.t.j.p.i.JtaPlatformInitiator       : HHH000489: No JTA platform available (set 'hibernate.transaction.jta.platform' to enable JTA platform integration)
2024-12-28T15:20:21.441+01:00  INFO 12808 --- [onlybuns] [main] j.LocalContainerEntityManagerFactoryBean : Initialized JPA EntityManagerFactory for persistence unit 'default'
2024-12-28T15:20:21.678+01:00  INFO 12808 --- [onlybuns] [main] o.s.d.j.r.query.QueryEnhancerFactory     : Hibernate is in classpath; If applicable, HQL parser will be used.
2024-12-28T15:20:22.699+01:00  INFO 12808 --- [onlybuns] [main] eAuthenticationProviderManagerConfigurer : Global AuthenticationManager configured with AuthenticationProvider bean with name authenticationProvider
2024-12-28T15:20:22.701+01:00  WARN 12808 --- [onlybuns] [main] r$InitializeUserDetailsManagerConfigurer : Global AuthenticationManager configured with an AuthenticationProvider bean. UserDetailsService beans will not be used for username/password login. Consider removing the AuthenticationProvider bean. Alternatively, consider using the UserDetailsService in a manually instantiated DaoAuthenticationProvider.
2024-12-28T15:20:23.056+01:00  WARN 12808 --- [onlybuns] [main] JpaBaseConfiguration$JpaWebConfiguration : spring.jpa.open-in-view is enabled by default. Therefore, database queries may be performed during view rendering. Explicitly configure spring.jpa.open-in-view to disable this warning
2024-12-28T15:20:23.617+01:00  INFO 12808 --- [onlybuns] [main] o.s.b.w.embedded.tomcat.TomcatWebServer  : Tomcat started on port 8080 (http) with context path '/'
2024-12-28T15:20:23.629+01:00  INFO 12808 --- [onlybuns] [main] c.project.onlybuns.OnlybunsApplication   : Started OnlybunsApplication in 5.718 seconds (process running for 6.123)
2024-12-28T15:20:54.491+01:00  INFO 12808 --- [onlybuns] [http-nio-8080-exec-1] o.a.c.c.C.[Tomcat].[localhost].[/]       : Initializing Spring DispatcherServlet 'dispatcherServlet'
2024-12-28T15:20:54.492+01:00  INFO 12808 --- [onlybuns] [http-nio-8080-exec-1] o.s.web.servlet.DispatcherServlet        : Initializing Servlet 'dispatcherServlet'
2024-12-28T15:20:54.495+01:00  INFO 12808 --- [onlybuns] [http-nio-8080-exec-1] o.s.web.servlet.DispatcherServlet        : Completed initialization in 3 ms
2024-12-28T15:27:19.491+01:00  INFO 12808 --- [onlybuns] [SpringApplicationShutdownHook] j.LocalContainerEntityManagerFactoryBean : Closing JPA EntityManagerFactory for persistence unit 'default'
2024-12-28T15:27:19.493+01:00  INFO 12808 --- [onlybuns] [SpringApplicationShutdownHook] com.zaxxer.hikari.HikariDataSource       : HikariPool-1 - Shutdown initiated...
2024-12-28T15:27:19.495+01:00  INFO 12808 --- [onlybuns] [SpringApplicationShutdownHook] com.zaxxer.hikari.HikariDataSource       : HikariPool-1 - Shutdown completed.
2024-12-28T19:09:21.118+01:00  INFO 17352 --- [onlybuns] [main] c.project.onlybuns.OnlybunsApplication   : Starting OnlybunsApplication using Java 17.0.12 with PID 17352 (C:\Users\tijanicica\Desktop\isa-project\onlybuns\target\classes started by tijanicica in C:\Users\tijanicica\Desktop\isa-project\onlybuns)
2024-12-28T19:09:21.120+01:00  INFO 17352 --- [onlybuns] [main] c.project.onlybuns.OnlybunsApplication   : No active profile set, falling back to 1 default profile: "default"
2024-12-28T19:09:21.708+01:00  INFO 17352 --- [onlybuns] [main] .s.d.r.c.RepositoryConfigurationDelegate : Bootstrapping Spring Data JPA repositories in DEFAULT mode.
2024-12-28T19:09:21.785+01:00  INFO 17352 --- [onlybuns] [main] .s.d.r.c.RepositoryConfigurationDelegate : Finished Spring Data repository scanning in 71 ms. Found 6 JPA repository interfaces.
2024-12-28T19:09:22.385+01:00  INFO 17352 --- [onlybuns] [main] o.s.b.w.embedded.tomcat.TomcatWebServer  : Tomcat initialized with port 8080 (http)
2024-12-28T19:09:22.394+01:00  INFO 17352 --- [onlybuns] [main] o.apache.catalina.core.StandardService   : Starting service [Tomcat]
2024-12-28T19:09:22.395+01:00  INFO 17352 --- [onlybuns] [main] o.apache.catalina.core.StandardEngine    : Starting Servlet engine: [Apache Tomcat/10.1.30]
2024-12-28T19:09:22.448+01:00  INFO 17352 --- [onlybuns] [main] o.a.c.c.C.[Tomcat].[localhost].[/]       : Initializing Spring embedded WebApplicationContext
2024-12-28T19:09:22.448+01:00  INFO 17352 --- [onlybuns] [main] w.s.c.ServletWebServerApplicationContext : Root WebApplicationContext: initialization completed in 1285 ms
2024-12-28T19:09:22.518+01:00  INFO 17352 --- [onlybuns] [main] com.zaxxer.hikari.HikariDataSource       : HikariPool-1 - Starting...
2024-12-28T19:09:22.629+01:00  INFO 17352 --- [onlybuns] [main] com.zaxxer.hikari.pool.HikariPool        : HikariPool-1 - Added connection org.postgresql.jdbc.PgConnection@67d4c48d
2024-12-28T19:09:22.630+01:00  INFO 17352 --- [onlybuns] [main] com.zaxxer.hikari.HikariDataSource       : HikariPool-1 - Start completed.
2024-12-28T19:09:22.724+01:00  INFO 17352 --- [onlybuns] [main] o.hibernate.jpa.internal.util.LogHelper  : HHH000204: Processing PersistenceUnitInfo [name: default]
2024-12-28T19:09:22.792+01:00  INFO 17352 --- [onlybuns] [main] org.hibernate.Version                    : HHH000412: Hibernate ORM core version 6.5.3.Final
2024-12-28T19:09:22.838+01:00  INFO 17352 --- [onlybuns] [main] o.h.c.internal.RegionFactoryInitiator    : HHH000026: Second-level cache disabled
2024-12-28T19:09:23.209+01:00  INFO 17352 --- [onlybuns] [main] o.s.o.j.p.SpringPersistenceUnitInfo      : No LoadTimeWeaver setup: ignoring JPA class transformer
2024-12-28T19:09:23.299+01:00  WARN 17352 --- [onlybuns] [main] org.hibernate.dialect.Dialect            : HHH000511: The 10.23.0 version for [org.hibernate.dialect.PostgreSQLDialect] is no longer supported, hence certain features may not work properly. The minimum supported version is 12.0.0. Check the community dialects project for available legacy versions.
2024-12-28T19:09:24.437+01:00  INFO 17352 --- [onlybuns] [main] o.h.e.t.j.p.i.JtaPlatformInitiator       : HHH000489: No JTA platform available (set 'hibernate.transaction.jta.platform' to enable JTA platform integration)
2024-12-28T19:09:24.595+01:00  INFO 17352 --- [onlybuns] [main] j.LocalContainerEntityManagerFactoryBean : Initialized JPA EntityManagerFactory for persistence unit 'default'
2024-12-28T19:09:24.827+01:00  INFO 17352 --- [onlybuns] [main] o.s.d.j.r.query.QueryEnhancerFactory     : Hibernate is in classpath; If applicable, HQL parser will be used.
2024-12-28T19:09:25.601+01:00  INFO 17352 --- [onlybuns] [main] eAuthenticationProviderManagerConfigurer : Global AuthenticationManager configured with AuthenticationProvider bean with name authenticationProvider
2024-12-28T19:09:25.602+01:00  WARN 17352 --- [onlybuns] [main] r$InitializeUserDetailsManagerConfigurer : Global AuthenticationManager configured with an AuthenticationProvider bean. UserDetailsService beans will not be used for username/password login. Consider removing the AuthenticationProvider bean. Alternatively, consider using the UserDetailsService in a manually instantiated DaoAuthenticationProvider.
2024-12-28T19:09:25.870+01:00  WARN 17352 --- [onlybuns] [main] JpaBaseConfiguration$JpaWebConfiguration : spring.jpa.open-in-view is enabled by default. Therefore, database queries may be performed during view rendering. Explicitly configure spring.jpa.open-in-view to disable this warning
2024-12-28T19:09:26.388+01:00  INFO 17352 --- [onlybuns] [main] o.s.b.w.embedded.tomcat.TomcatWebServer  : Tomcat started on port 8080 (http) with context path '/'
2024-12-28T19:09:26.399+01:00  INFO 17352 --- [onlybuns] [main] c.project.onlybuns.OnlybunsApplication   : Started OnlybunsApplication in 5.787 seconds (process running for 6.82)
2024-12-28T19:11:10.255+01:00  INFO 17352 --- [onlybuns] [http-nio-8080-exec-1] o.a.c.c.C.[Tomcat].[localhost].[/]       : Initializing Spring DispatcherServlet 'dispatcherServlet'
2024-12-28T19:11:10.255+01:00  INFO 17352 --- [onlybuns] [http-nio-8080-exec-1] o.s.web.servlet.DispatcherServlet        : Initializing Servlet 'dispatcherServlet'
2024-12-28T19:11:10.264+01:00  INFO 17352 --- [onlybuns] [http-nio-8080-exec-1] o.s.web.servlet.DispatcherServlet        : Completed initialization in 8 ms
2024-12-28T20:01:17.668+01:00  INFO 17352 --- [onlybuns] [SpringApplicationShutdownHook] j.LocalContainerEntityManagerFactoryBean : Closing JPA EntityManagerFactory for persistence unit 'default'
2024-12-28T20:01:17.680+01:00  INFO 17352 --- [onlybuns] [SpringApplicationShutdownHook] com.zaxxer.hikari.HikariDataSource       : HikariPool-1 - Shutdown initiated...
2024-12-28T20:01:17.683+01:00  INFO 17352 --- [onlybuns] [SpringApplicationShutdownHook] com.zaxxer.hikari.HikariDataSource       : HikariPool-1 - Shutdown completed.
